\BOOKMARK [1][]{section*.1}{\376\377\000\332\000v\000o\000d}{}% 1
\BOOKMARK [1][]{section.2}{\376\377\000T\000e\000o\000r\000e\000t\000i\000c\000k\000\351\000\040\000z\000\341\000k\000l\000a\000d\000y\000\040\000e\000B\000P\000F}{}% 2
\BOOKMARK [2][]{subsection.3}{\376\377\000H\000i\000s\000t\000\363\000r\000i\000a\000\040\000e\000B\000P\000F}{section.2}% 3
\BOOKMARK [2][]{subsection.4}{\376\377\000P\000r\000i\000n\000c\000\355\000p\000y\000\040\000e\000B\000P\000F}{section.2}% 4
\BOOKMARK [3][]{subsubsection.5}{\376\377\000A\000k\000o\000\040\000f\000u\000n\000g\000u\000j\000e\000\040\000e\000B\000P\000F}{subsection.4}% 5
\BOOKMARK [3][]{subsubsection.6}{\376\377\000V\000s\000t\000u\000p\000n\000\351\000\040\000b\000o\000d\000y\000\040\000p\000r\000e\000\040\000e\000B\000P\000F}{subsection.4}% 6
\BOOKMARK [3][]{subsubsection.7}{\376\377\000A\000k\000o\000\040\000s\000a\000\040\000t\000v\000o\000r\000i\000a\000\040\000p\000r\000o\000g\000r\000a\000m\000y\000\040\000e\000B\000P\000F}{subsection.4}% 7
\BOOKMARK [2][]{subsection.8}{\376\377\000A\000r\000c\000h\000i\000t\000e\000k\000t\000\372\000r\000a\000\040\000e\000B\000P\000F}{section.2}% 8
\BOOKMARK [3][]{subsubsection.9}{\376\377\000K\000o\000m\000p\000i\000l\000\341\000c\000i\000a\000\040\000c\000e\000z\000\040\000J\000I\000T}{subsection.8}% 9
\BOOKMARK [3][]{subsubsection.10}{\376\377\000e\000B\000P\000F\000\040\000M\000a\000p\000s}{subsection.8}% 10
\BOOKMARK [3][]{subsubsection.11}{\376\377\000e\000B\000P\000F\000\040\000H\000e\000l\000p\000e\000r\000s}{subsection.8}% 11
\BOOKMARK [2][]{subsection.12}{\376\377\000e\000B\000P\000F\000\040\000n\000\341\000s\000t\000r\000o\000j\000e}{section.2}% 12
\BOOKMARK [2][]{subsection.13}{\376\377\000K\000n\000i\001\176\000n\000i\000c\000e\000\040\000e\000B\000P\000F}{section.2}% 13
\BOOKMARK [3][]{subsubsection.14}{\376\377\000K\000n\000i\001\176\000n\000i\000c\000a\000\040\000l\000i\000b\000b\000p\000f\000\040\000C\000/\000C\000+\000+}{subsection.13}% 14
\BOOKMARK [3][]{subsubsection.15}{\376\377\000K\000n\000i\001\176\000n\000i\000c\000a\000\040\000B\000C\000C}{subsection.13}% 15
\BOOKMARK [3][]{subsubsection.16}{\376\377\000K\000n\000i\001\176\000n\000i\000c\000a\000\040\000e\000B\000P\000F\000\040\000G\000o}{subsection.13}% 16
\BOOKMARK [2][]{subsection.17}{\376\377\000P\000o\000u\001\176\000i\000t\000i\000e\000\040\000e\000B\000P\000F}{section.2}% 17
\BOOKMARK [3][]{subsubsection.18}{\376\377\000B\000e\000z\000p\000e\001\015\000n\000o\000s\001\145\000\040\000a\000\040\000e\000B\000P\000F}{subsection.17}% 18
\BOOKMARK [3][]{subsubsection.19}{\376\377\000S\000e\000c\000c\000o\000m\000p}{subsection.17}% 19
\BOOKMARK [3][]{subsubsection.20}{\376\377\000L\000S\000M\000\040\000\050\000L\000i\000n\000u\000x\000\040\000S\000e\000c\000u\000r\000i\000t\000y\000\040\000M\000o\000d\000u\000l\000e\000s\000\051}{subsection.17}% 20
\BOOKMARK [3][]{subsubsection.21}{\376\377\000K\000R\000S\000I}{subsection.17}% 21
\BOOKMARK [1][]{section*.22}{\376\377\000Z\000\341\000v\000e\000r}{}% 22
\BOOKMARK [1][]{section*.23}{\376\377\000Z\000o\000z\000n\000a\000m\000\040\000p\000o\000u\001\176\000i\000t\000e\000j\000\040\000l\000i\000t\000e\000r\000a\000t\000\372\000r\000y}{}% 23
